Build started 1/11/2016 1:21:02 PM.
     1>Project "C:\AXITestPrograms\MIPI_RFFE_demo\MIPI_RFFE_demo.vcxproj" on node 2 (build target(s)).
     1>InitializeBuildStatus:
         Creating "Debug\MIPI_RFFE_demo.unsuccessfulbuild" because "AlwaysCreate" was specified.
       ClCompile:
         All outputs are up-to-date.
         All outputs are up-to-date.
       ManifestResourceCompile:
         All outputs are up-to-date.
       Link:
         c:\Program Files (x86)\Microsoft Visual Studio 10.0\VC\bin\link.exe /ERRORREPORT:PROMPT /OUT:"MIPI_RFFE_demo.dll" /INCREMENTAL /NOLOGO /LIBPATH:"C:\Program Files (x86)\TEV\AXI\bin" axigo.lib ddcapi32.lib DataServices.lib ACS_TEV_DataServicesAPI.lib TevPlot.lib kernel32.lib user32.lib gdi32.lib winspool.lib comdlg32.lib advapi32.lib shell32.lib ole32.lib oleaut32.lib uuid.lib odbc32.lib odbccp32.lib /MANIFEST /ManifestFile:"Debug\MIPI_RFFE_demo.dll.intermediate.manifest" /MANIFESTUAC:"level='asInvoker' uiAccess='false'" /DEBUG /PDB:"C:\AXITestPrograms\MIPI_RFFE_demo\MIPI_RFFE_demo.pdb" /SUBSYSTEM:WINDOWS /TLBID:1 /DYNAMICBASE /NXCOMPAT /IMPLIB:".\MIPI_RFFE_demo.lib" /MACHINE:X86 /DLL Debug\MIPI_RFFE_demo.dll.embed.manifest.res
         Debug\MIPI_RFFE_demo.obj
         Debug\AXIeSys.obj
         Debug\MLog.obj
         Debug\stdafx.obj
            Creating library .\MIPI_RFFE_demo.lib and object .\MIPI_RFFE_demo.exp
       Manifest:
         C:\Program Files (x86)\Microsoft SDKs\Windows\v7.0A\bin\mt.exe /nologo /verbose /out:"Debug\MIPI_RFFE_demo.dll.embed.manifest" /manifest Debug\MIPI_RFFE_demo.dll.intermediate.manifest
         All outputs are up-to-date.
       LinkEmbedManifest:
         All outputs are up-to-date.
         MIPI_RFFE_demo.vcxproj -> C:\AXITestPrograms\MIPI_RFFE_demo\.\MIPI_RFFE_demo.dll
       FinalizeBuildStatus:
         Deleting file "Debug\MIPI_RFFE_demo.unsuccessfulbuild".
         Touching "Debug\MIPI_RFFE_demo.lastbuildstate".
     1>Done Building Project "C:\AXITestPrograms\MIPI_RFFE_demo\MIPI_RFFE_demo.vcxproj" (build target(s)).

Build succeeded.

Time Elapsed 00:00:00.57
