.\MIPI_RFFE_demo.ilk
.\MIPI_RFFE_demo.pdb
C:\AXITestPrograms\MIPI_RFFE_demo\.\MIPI_RFFE_demo.dll
C:\AXITESTPROGRAMS\MIPI_RFFE_DEMO\DEBUG\AXIESYS.OBJ
C:\AXITestPrograms\MIPI_RFFE_demo\Debug\cl.command.1.tlog
C:\AXITestPrograms\MIPI_RFFE_demo\Debug\CL.read.1.tlog
C:\AXITestPrograms\MIPI_RFFE_demo\Debug\CL.write.1.tlog
C:\AXITestPrograms\MIPI_RFFE_demo\Debug\link.2356.read.1.tlog
C:\AXITestPrograms\MIPI_RFFE_demo\Debug\link.2356.write.1.tlog
C:\AXITestPrograms\MIPI_RFFE_demo\Debug\link.2356-cvtres.read.1.tlog
C:\AXITestPrograms\MIPI_RFFE_demo\Debug\link.2356-cvtres.write.1.tlog
C:\AXITestPrograms\MIPI_RFFE_demo\Debug\link.command.1.tlog
C:\AXITestPrograms\MIPI_RFFE_demo\Debug\link.read.1.tlog
C:\AXITestPrograms\MIPI_RFFE_demo\Debug\link.write.1.tlog
C:\AXITestPrograms\MIPI_RFFE_demo\Debug\link-cvtres.read.1.tlog
C:\AXITestPrograms\MIPI_RFFE_demo\Debug\link-cvtres.write.1.tlog
C:\AXITESTPROGRAMS\MIPI_RFFE_DEMO\DEBUG\MIPI_RFFE_DEMO.DLL.EMBED.MANIFEST
C:\AXITESTPROGRAMS\MIPI_RFFE_DEMO\DEBUG\MIPI_RFFE_DEMO.DLL.EMBED.MANIFEST.RES
C:\AXITESTPROGRAMS\MIPI_RFFE_DEMO\DEBUG\MIPI_RFFE_DEMO.DLL.INTERMEDIATE.MANIFEST
C:\AXITESTPROGRAMS\MIPI_RFFE_DEMO\DEBUG\MIPI_RFFE_DEMO.OBJ
C:\AXITESTPROGRAMS\MIPI_RFFE_DEMO\DEBUG\MIPI_RFFE_DEMO.PCH
C:\AXITestPrograms\MIPI_RFFE_demo\Debug\MIPI_RFFE_demo.vcxprojResolveAssemblyReference.cache
C:\AXITestPrograms\MIPI_RFFE_demo\Debug\MIPI_RFFE_demo.write.1.tlog
C:\AXITestPrograms\MIPI_RFFE_demo\Debug\MIPI_RFFE_demo_manifest.rc
C:\AXITESTPROGRAMS\MIPI_RFFE_DEMO\DEBUG\MLOG.OBJ
C:\AXITestPrograms\MIPI_RFFE_demo\Debug\mt.command.1.tlog
C:\AXITestPrograms\MIPI_RFFE_demo\Debug\mt.read.1.tlog
C:\AXITestPrograms\MIPI_RFFE_demo\Debug\mt.write.1.tlog
C:\AXITestPrograms\MIPI_RFFE_demo\Debug\rc.command.1.tlog
C:\AXITestPrograms\MIPI_RFFE_demo\Debug\rc.read.1.tlog
C:\AXITestPrograms\MIPI_RFFE_demo\Debug\rc.write.1.tlog
C:\AXITESTPROGRAMS\MIPI_RFFE_DEMO\DEBUG\STDAFX.OBJ
C:\AXITestPrograms\MIPI_RFFE_demo\Debug\vc100.idb
C:\AXITESTPROGRAMS\MIPI_RFFE_DEMO\DEBUG\VC100.PDB
C:\AXITESTPROGRAMS\MIPI_RFFE_DEMO\MIPI_RFFE_DEMO.DLL
C:\AXITestPrograms\MIPI_RFFE_demo\MIPI_RFFE_demo.exp
C:\AXITESTPROGRAMS\MIPI_RFFE_DEMO\MIPI_RFFE_DEMO.ILK
C:\AXITestPrograms\MIPI_RFFE_demo\MIPI_RFFE_demo.lib
C:\AXITESTPROGRAMS\MIPI_RFFE_DEMO\MIPI_RFFE_DEMO.PDB
